2025-10-29 15:55:53,794 INFO o.a.j.u.JMeterUtils: Setting Locale to en_EN
2025-10-29 15:55:53,803 INFO o.a.j.JMeter: Loading user properties from: /opt/homebrew/Cellar/jmeter/5.6.3/libexec/bin/user.properties
2025-10-29 15:55:53,803 INFO o.a.j.JMeter: Loading system properties from: /opt/homebrew/Cellar/jmeter/5.6.3/libexec/bin/system.properties
2025-10-29 15:55:53,805 INFO o.a.j.JMeter: Copyright (c) 1998-2024 The Apache Software Foundation
2025-10-29 15:55:53,805 INFO o.a.j.JMeter: Version 5.6.3
2025-10-29 15:55:53,805 INFO o.a.j.JMeter: java.version=21.0.8
2025-10-29 15:55:53,806 INFO o.a.j.JMeter: java.vm.name=OpenJDK 64-Bit Server VM
2025-10-29 15:55:53,806 INFO o.a.j.JMeter: os.name=Mac OS X
2025-10-29 15:55:53,806 INFO o.a.j.JMeter: os.arch=aarch64
2025-10-29 15:55:53,806 INFO o.a.j.JMeter: os.version=15.6.1
2025-10-29 15:55:53,806 INFO o.a.j.JMeter: file.encoding=UTF-8
2025-10-29 15:55:53,806 INFO o.a.j.JMeter: java.awt.headless=true
2025-10-29 15:55:53,806 INFO o.a.j.JMeter: Max memory     =1073741824
2025-10-29 15:55:53,806 INFO o.a.j.JMeter: Available Processors =10
2025-10-29 15:55:53,810 INFO o.a.j.JMeter: Default Locale=English (EN)
2025-10-29 15:55:53,810 INFO o.a.j.JMeter: JMeter  Locale=English (EN)
2025-10-29 15:55:53,810 INFO o.a.j.JMeter: JMeterHome=/opt/homebrew/Cellar/jmeter/5.6.3/libexec
2025-10-29 15:55:53,810 INFO o.a.j.JMeter: user.dir  =/Users/jakoblandbrecht/Documents/Uni/NUS/cs4218-2510-ecom-project-team005
2025-10-29 15:55:53,810 INFO o.a.j.JMeter: PWD       =/Users/jakoblandbrecht/Documents/Uni/NUS/cs4218-2510-ecom-project-team005
2025-10-29 15:55:53,812 INFO o.a.j.JMeter: IP: 127.0.0.1 Name: MacBook-Pro-von-Jakob-8.local FullName: localhost
2025-10-29 15:55:53,818 INFO o.a.j.JMeter: Setting property 'jmeter.reportgenerator.outputdir' to:'/Users/jakoblandbrecht/Documents/Uni/NUS/cs4218-2510-ecom-project-team005/jmeter-results/html-report-new'
2025-10-29 15:55:53,819 INFO o.a.j.r.d.ReportGenerator: ReportGenerator will use for Parsing the separator: ','
2025-10-29 15:55:53,819 INFO o.a.j.r.d.ReportGenerator: Will only generate report from results file: jmeter-results/results.jtl
2025-10-29 15:55:53,819 INFO o.a.j.r.d.ReportGenerator: Reading report generator properties from: /opt/homebrew/Cellar/jmeter/5.6.3/libexec/bin/reportgenerator.properties
2025-10-29 15:55:53,820 INFO o.a.j.r.d.ReportGenerator: Merging with JMeter properties
2025-10-29 15:55:53,822 INFO o.a.j.r.c.ReportGeneratorConfiguration: Property 'jmeter.reportgenerator.temp_dir' not found, using default value 'temp' instead.
2025-10-29 15:55:53,822 INFO o.a.j.r.c.ReportGeneratorConfiguration: Property 'jmeter.reportgenerator.apdex_per_transaction' not found, using default value 'null' instead.
2025-10-29 15:55:53,829 INFO o.a.j.r.c.ReportGeneratorConfiguration: apdex_per_transaction is empty, not APDEX per transaction customization
2025-10-29 15:55:53,829 INFO o.a.j.r.c.ReportGeneratorConfiguration: Property 'jmeter.reportgenerator.sample_filter' not found, using default value 'null' instead.
2025-10-29 15:55:53,829 INFO o.a.j.r.c.ReportGeneratorConfiguration: Property 'jmeter.reportgenerator.report_title' not found, using default value 'null' instead.
2025-10-29 15:55:53,829 INFO o.a.j.r.c.ReportGeneratorConfiguration: Property 'jmeter.reportgenerator.start_date' not found, using default value 'null' instead.
2025-10-29 15:55:53,829 INFO o.a.j.r.c.ReportGeneratorConfiguration: Property 'jmeter.reportgenerator.end_date' not found, using default value 'null' instead.
2025-10-29 15:55:53,829 INFO o.a.j.r.c.ReportGeneratorConfiguration: Property 'jmeter.reportgenerator.date_format' not found, using default value 'null' instead.
2025-10-29 15:55:53,830 INFO o.a.j.r.c.ReportGeneratorConfiguration: Will use date range start date: null, end date: null
2025-10-29 15:55:53,831 INFO o.a.j.r.c.ReportGeneratorConfiguration: Property 'jmeter.reportgenerator.graph.totalTPS.exclude_controllers' not found, using default value 'false' instead.
2025-10-29 15:55:53,832 INFO o.a.j.r.c.ReportGeneratorConfiguration: Property 'jmeter.reportgenerator.graph.activeThreadsOverTime.exclude_controllers' not found, using default value 'false' instead.
2025-10-29 15:55:53,832 INFO o.a.j.r.c.ReportGeneratorConfiguration: Property 'jmeter.reportgenerator.graph.timeVsThreads.exclude_controllers' not found, using default value 'false' instead.
2025-10-29 15:55:53,832 INFO o.a.j.r.c.ReportGeneratorConfiguration: Property 'jmeter.reportgenerator.graph.responseTimeDistribution.exclude_controllers' not found, using default value 'false' instead.
2025-10-29 15:55:53,832 INFO o.a.j.r.c.ReportGeneratorConfiguration: Property 'jmeter.reportgenerator.graph.transactionsPerSecond.exclude_controllers' not found, using default value 'false' instead.
2025-10-29 15:55:53,832 INFO o.a.j.r.c.ReportGeneratorConfiguration: Property 'jmeter.reportgenerator.graph.responseTimePercentiles.exclude_controllers' not found, using default value 'false' instead.
2025-10-29 15:55:53,832 INFO o.a.j.r.c.ReportGeneratorConfiguration: Property 'jmeter.reportgenerator.graph.responseTimePercentilesOverTime.exclude_controllers' not found, using default value 'false' instead.
2025-10-29 15:55:53,832 INFO o.a.j.r.c.ReportGeneratorConfiguration: Property 'jmeter.reportgenerator.graph.responseTimesOverTime.exclude_controllers' not found, using default value 'false' instead.
2025-10-29 15:55:53,832 INFO o.a.j.r.c.ReportGeneratorConfiguration: Property 'jmeter.reportgenerator.graph.connectTimeOverTime.exclude_controllers' not found, using default value 'false' instead.
2025-10-29 15:55:53,832 INFO o.a.j.r.c.ReportGeneratorConfiguration: Property 'jmeter.reportgenerator.graph.latenciesOverTime.exclude_controllers' not found, using default value 'false' instead.
2025-10-29 15:55:53,832 INFO o.a.j.r.c.ReportGeneratorConfiguration: Property 'jmeter.reportgenerator.exporter.json.filters_only_sample_series' not found, using default value 'true' instead.
2025-10-29 15:55:53,832 INFO o.a.j.r.c.ReportGeneratorConfiguration: Property 'jmeter.reportgenerator.exporter.json.series_filter' not found, using default value '' instead.
2025-10-29 15:55:53,832 INFO o.a.j.r.c.ReportGeneratorConfiguration: Property 'jmeter.reportgenerator.exporter.json.show_controllers_only' not found, using default value 'false' instead.
2025-10-29 15:55:53,833 INFO o.a.j.r.c.ReportGeneratorConfiguration: Property 'jmeter.reportgenerator.exporter.html.filters_only_sample_series' not found, using default value 'true' instead.
2025-10-29 15:55:53,833 INFO o.a.j.r.c.ReportGeneratorConfiguration: Property 'jmeter.reportgenerator.exporter.html.series_filter' not found, using default value '' instead.
2025-10-29 15:55:53,833 INFO o.a.j.r.c.ReportGeneratorConfiguration: Property 'jmeter.reportgenerator.exporter.html.show_controllers_only' not found, using default value 'false' instead.
2025-10-29 15:55:53,925 INFO o.a.j.s.SaveService: Testplan (JMX) version: 2.2. Testlog (JTL) version: 2.2
2025-10-29 15:55:53,946 INFO o.a.j.s.SaveService: Using SaveService properties version 5.0
2025-10-29 15:55:53,947 INFO o.a.j.s.SaveService: Using SaveService properties file encoding UTF-8
2025-10-29 15:55:53,960 INFO o.a.j.r.p.NormalizerSampleConsumer: Using format, 'ms', to parse timeStamp field
2025-10-29 15:55:54,117 INFO o.a.j.r.p.AbstractSampleConsumer: class org.apache.jmeter.report.processor.AggregateConsumer#stopProducing(): beginDate produced 0 samples
2025-10-29 15:55:54,117 INFO o.a.j.r.p.AbstractSampleConsumer: class org.apache.jmeter.report.processor.AggregateConsumer#stopProducing(): endDate produced 0 samples
2025-10-29 15:55:54,119 INFO o.a.j.r.p.AbstractSampleConsumer: class org.apache.jmeter.report.processor.ApdexSummaryConsumer#stopProducing(): apdexSummary produced 0 samples
2025-10-29 15:55:54,119 INFO o.a.j.r.p.AbstractSampleConsumer: class org.apache.jmeter.report.processor.RequestsSummaryConsumer#stopProducing(): requestsSummary produced 0 samples
2025-10-29 15:55:54,124 INFO o.a.j.r.p.AbstractSampleConsumer: class org.apache.jmeter.report.processor.StatisticsSummaryConsumer#stopProducing(): statisticsSummary produced 0 samples
2025-10-29 15:55:54,125 INFO o.a.j.r.p.AbstractSampleConsumer: class org.apache.jmeter.report.processor.Top5ErrorsBySamplerConsumer#stopProducing(): top5ErrorsBySampler produced 0 samples
2025-10-29 15:55:54,125 INFO o.a.j.r.p.AbstractSampleConsumer: class org.apache.jmeter.report.processor.ErrorsSummaryConsumer#stopProducing(): errorsSummary produced 0 samples
2025-10-29 15:55:54,125 INFO o.a.j.r.p.AbstractSampleConsumer: class org.apache.jmeter.report.processor.graph.impl.HitsPerSecondGraphConsumer#stopProducing(): hitsPerSecond produced 0 samples
2025-10-29 15:55:54,170 INFO o.a.j.r.p.AbstractSampleConsumer: class org.apache.jmeter.report.processor.graph.impl.LatencyVSRequestGraphConsumer#stopProducing(): latencyVsRequest produced 0 samples
2025-10-29 15:55:54,171 INFO o.a.j.r.p.AbstractSampleConsumer: class org.apache.jmeter.report.processor.graph.impl.SyntheticResponseTimeDistributionGraphConsumer#stopProducing(): syntheticResponseTimeDistribution produced 0 samples
2025-10-29 15:55:54,171 INFO o.a.j.r.p.AbstractSampleConsumer: class org.apache.jmeter.report.processor.graph.impl.BytesThroughputGraphConsumer#stopProducing(): bytesThroughputOverTime produced 0 samples
2025-10-29 15:55:54,171 INFO o.a.j.r.p.AbstractSampleConsumer: class org.apache.jmeter.report.processor.graph.impl.CodesPerSecondGraphConsumer#stopProducing(): codesPerSecond produced 0 samples
2025-10-29 15:55:54,199 INFO o.a.j.r.p.AbstractSampleConsumer: class org.apache.jmeter.report.processor.graph.impl.ResponseTimeVSRequestGraphConsumer#stopProducing(): responseTimeVsRequest produced 0 samples
2025-10-29 15:55:54,200 INFO o.a.j.r.p.AbstractSampleConsumer: class org.apache.jmeter.report.processor.FilterConsumer#stopProducing(): startIntervalControlerFilter produced 53102 samples
2025-10-29 15:55:54,200 INFO o.a.j.r.p.AbstractSampleConsumer: class org.apache.jmeter.report.processor.graph.impl.TotalTPSGraphConsumer#stopProducing(): totalTPS produced 0 samples
2025-10-29 15:55:54,200 INFO o.a.j.r.p.AbstractSampleConsumer: class org.apache.jmeter.report.processor.graph.impl.ActiveThreadsGraphConsumer#stopProducing(): activeThreadsOverTime produced 0 samples
2025-10-29 15:55:54,200 INFO o.a.j.r.p.AbstractSampleConsumer: class org.apache.jmeter.report.processor.graph.impl.TimeVSThreadGraphConsumer#stopProducing(): timeVsThreads produced 0 samples
2025-10-29 15:55:54,201 INFO o.a.j.r.p.AbstractSampleConsumer: class org.apache.jmeter.report.processor.graph.impl.ResponseTimeDistributionGraphConsumer#stopProducing(): responseTimeDistribution produced 0 samples
2025-10-29 15:55:54,201 INFO o.a.j.r.p.AbstractSampleConsumer: class org.apache.jmeter.report.processor.graph.impl.TransactionsPerSecondGraphConsumer#stopProducing(): transactionsPerSecond produced 0 samples
2025-10-29 15:55:54,201 INFO o.a.j.r.p.AbstractSampleConsumer: class org.apache.jmeter.report.processor.graph.impl.ResponseTimePercentilesGraphConsumer#stopProducing(): responseTimePercentiles produced 0 samples
2025-10-29 15:55:54,204 INFO o.a.j.r.p.AbstractSampleConsumer: class org.apache.jmeter.report.processor.graph.impl.ResponseTimePercentilesOverTimeGraphConsumer#stopProducing(): responseTimePercentilesOverTime produced 0 samples
2025-10-29 15:55:54,204 INFO o.a.j.r.p.AbstractSampleConsumer: class org.apache.jmeter.report.processor.graph.impl.ResponseTimeOverTimeGraphConsumer#stopProducing(): responseTimesOverTime produced 0 samples
2025-10-29 15:55:54,204 INFO o.a.j.r.p.AbstractSampleConsumer: class org.apache.jmeter.report.processor.graph.impl.ConnectTimeOverTimeGraphConsumer#stopProducing(): connectTimeOverTime produced 0 samples
2025-10-29 15:55:54,204 INFO o.a.j.r.p.AbstractSampleConsumer: class org.apache.jmeter.report.processor.graph.impl.LatencyOverTimeGraphConsumer#stopProducing(): latenciesOverTime produced 0 samples
2025-10-29 15:55:54,204 INFO o.a.j.r.p.AbstractSampleConsumer: class org.apache.jmeter.report.processor.FilterConsumer#stopProducing(): nameFilter produced 113790 samples
2025-10-29 15:55:54,204 INFO o.a.j.r.p.AbstractSampleConsumer: class org.apache.jmeter.report.processor.FilterConsumer#stopProducing(): dateRangeFilter produced 22758 samples
2025-10-29 15:55:54,204 INFO o.a.j.r.p.AbstractSampleConsumer: class org.apache.jmeter.report.processor.NormalizerSampleConsumer#stopProducing(): normalizer produced 7586 samples
2025-10-29 15:55:54,205 INFO o.a.j.r.p.CsvFileSampleSource: produce(): 7586 samples produced in 236ms on channel 0
2025-10-29 15:55:54,205 INFO o.a.j.r.d.ReportGenerator: Exporting data using exporter:'json' of className:'org.apache.jmeter.report.dashboard.JsonExporter'
2025-10-29 15:55:54,236 INFO o.a.j.r.d.JsonExporter: Found data for consumer statisticsSummary in context
2025-10-29 15:55:54,236 INFO o.a.j.r.d.JsonExporter: Creating statistics for overall
2025-10-29 15:55:54,236 INFO o.a.j.r.d.JsonExporter: Creating statistics for other transactions
2025-10-29 15:55:54,237 INFO o.a.j.r.d.JsonExporter: Checking output folder
2025-10-29 15:55:54,237 INFO o.a.j.r.d.JsonExporter: Writing statistics JSON to /Users/jakoblandbrecht/Documents/Uni/NUS/cs4218-2510-ecom-project-team005/jmeter-results/html-report-new/statistics.json
2025-10-29 15:55:54,256 INFO o.a.j.r.d.ReportGenerator: Exporting data using exporter:'html' of className:'org.apache.jmeter.report.dashboard.HtmlTemplateExporter'
2025-10-29 15:55:54,260 INFO o.a.j.r.d.HtmlTemplateExporter: Will generate dashboard in folder: /Users/jakoblandbrecht/Documents/Uni/NUS/cs4218-2510-ecom-project-team005/jmeter-results/html-report-new
2025-10-29 15:55:54,326 INFO o.a.j.r.d.HtmlTemplateExporter: Report will be generated in: /Users/jakoblandbrecht/Documents/Uni/NUS/cs4218-2510-ecom-project-team005/jmeter-results/html-report-new, creating folder structure
2025-10-29 15:55:54,327 INFO o.a.j.r.d.TemplateVisitor: Copying folder from '/opt/homebrew/Cellar/jmeter/5.6.3/libexec/bin/report-template' to '/Users/jakoblandbrecht/Documents/Uni/NUS/cs4218-2510-ecom-project-team005/jmeter-results/html-report-new', got message: /Users/jakoblandbrecht/Documents/Uni/NUS/cs4218-2510-ecom-project-team005/jmeter-results/html-report-new, found non empty folder with following content [/Users/jakoblandbrecht/Documents/Uni/NUS/cs4218-2510-ecom-project-team005/jmeter-results/html-report-new/statistics.json], will be ignored
